<project name="test-plugin">
<!-- **********************************************************************
		INPUTS
		
		
		help.detail
		help.indent.size
		help.line.length
		help.goal - if provided displays help for the specified goal, otherwise displays help for all goals

		
     ********************************************************************** -->


	<target name="test:test">
	</target>

	<target name="test:help">
	</target>
	
</project>